0 info it worked if it ends with ok
1 verbose cli [ '/usr/bin/node', '/usr/bin/npm', 'run', 'build' ]
2 info using npm@3.5.2
3 info using node@v8.10.0
4 verbose run-script [ 'prebuild', 'build', 'postbuild' ]
5 info lifecycle brew-hop-database@~prebuild: brew-hop-database@
6 silly lifecycle brew-hop-database@~prebuild: no script for prebuild, continuing
7 info lifecycle brew-hop-database@~build: brew-hop-database@
8 verbose lifecycle brew-hop-database@~build: unsafe-perm in lifecycle true
9 verbose lifecycle brew-hop-database@~build: PATH: /usr/share/npm/bin/node-gyp-bin:/mnt/c/brew-hop-database/node_modules/.bin:/tmp/yarn--1547929523328-0.7910798456100758:/mnt/c/brew-hop-database/node_modules/.bin:/home/geekboyison/.config/yarn/link/node_modules/.bin:/mnt/c/brew-hop-database/node_modules/.bin:/home/geekboyison/.config/yarn/link/node_modules/.bin:/home/geekboyison/.yarn/bin:/usr/libexec/lib/node_modules/npm/bin/node-gyp-bin:/usr/lib/node_modules/npm/bin/node-gyp-bin:/usr/bin/node_modules/npm/bin/node-gyp-bin:/home/geekboyison/.gem/ruby/2.5.3/bin:/home/geekboyison/.rubies/ruby-2.5.3/lib/ruby/gems/2.5.0/bin:/home/geekboyison/.rubies/ruby-2.5.3/bin:/usr/local/sbin:/usr/local/bin:/usr/sbin:/usr/bin:/sbin:/bin:/usr/games:/usr/local/games:/mnt/c/Program Files (x86)/Common Files/Oracle/Java/javapath_target_5657046:/mnt/c/Windows/System32:/mnt/c/Windows:/mnt/c/Windows/System32/wbem:/mnt/c/Windows/System32/WindowsPowerShell/v1.0:/mnt/c/Windows/System32/OpenSSH:/mnt/c/Program Files/Microsoft VS Code/bin:/mnt/c/Program Files/Git/cmd:/mnt/c/Users/kenne/AppData/Local/Microsoft/WindowsApps:/mnt/c/Users/kenne/AppData/Local/atom/bin:/mnt/c/Users/kenne/AppData/Local/Programs/Microsoft VS Code/bin:/mnt/c/Program Files/heroku/bin:/snap/bin
10 verbose lifecycle brew-hop-database@~build: CWD: /mnt/c/brew-hop-database
11 silly lifecycle brew-hop-database@~build: Args: [ '-c', 'cd client && npm install && npm run build && cd ..' ]
12 silly lifecycle brew-hop-database@~build: Returned: code: 1  signal: null
13 info lifecycle brew-hop-database@~build: Failed to exec build script
14 verbose stack Error: brew-hop-database@ build: `cd client && npm install && npm run build && cd ..`
14 verbose stack Exit status 1
14 verbose stack     at EventEmitter.<anonymous> (/usr/share/npm/lib/utils/lifecycle.js:232:16)
14 verbose stack     at emitTwo (events.js:126:13)
14 verbose stack     at EventEmitter.emit (events.js:214:7)
14 verbose stack     at ChildProcess.<anonymous> (/usr/share/npm/lib/utils/spawn.js:24:14)
14 verbose stack     at emitTwo (events.js:126:13)
14 verbose stack     at ChildProcess.emit (events.js:214:7)
14 verbose stack     at maybeClose (internal/child_process.js:925:16)
14 verbose stack     at Process.ChildProcess._handle.onexit (internal/child_process.js:209:5)
15 verbose pkgid brew-hop-database@
16 verbose cwd /mnt/c/brew-hop-database
17 error Linux 4.4.0-17134-Microsoft
18 error argv "/usr/bin/node" "/usr/bin/npm" "run" "build"
19 error node v8.10.0
20 error npm  v3.5.2
21 error code ELIFECYCLE
22 error brew-hop-database@ build: `cd client && npm install && npm run build && cd ..`
22 error Exit status 1
23 error Failed at the brew-hop-database@ build script 'cd client && npm install && npm run build && cd ..'.
23 error Make sure you have the latest version of node.js and npm installed.
23 error If you do, this is most likely a problem with the brew-hop-database package,
23 error not with npm itself.
23 error Tell the author that this fails on your system:
23 error     cd client && npm install && npm run build && cd ..
23 error You can get information on how to open an issue for this project with:
23 error     npm bugs brew-hop-database
23 error Or if that isn't available, you can get their info via:
23 error     npm owner ls brew-hop-database
23 error There is likely additional logging output above.
24 verbose exit [ 1, true ]
